Script started on Fri 17 Feb 2017 03:25:38 PM EST
+ docker build --pull -t pvstodghill/goseq:1.26.0__2017-02-17 .
Sending build context to Docker daemon  7.68 kB
Step 1/18 : FROM ubuntu:latest
latest: Pulling from library/ubuntu
Digest: sha256:71cd81252a3563a03ad8daee81047b62ab5d892ebbfbf71cf53415f29c130950
Status: Image is up to date for ubuntu:latest
 ---> f49eec89601e
Step 2/18 : MAINTAINER Paul Stodghill <paul.stodghill@ars.usda.gov>
 ---> Using cache
 ---> eb52cb234a0d
Step 3/18 : ENV PACKAGE goseq
 ---> Using cache
 ---> e9a626fb90bb
Step 4/18 : ENV VERSION 1.26.0
 ---> Using cache
 ---> cf93dba5763d
Step 5/18 : ENV BUILD_PACKAGES libcurl4-gnutls-dev libxml2-dev
 ---> Using cache
 ---> 567839c5cc72
Step 6/18 : ENV RUN_PACKAGES r-base
 ---> Using cache
 ---> 0fdc0a9622bd
Step 7/18 : RUN apt-get update && apt-get install --yes software-properties-common apt-transport-https
 ---> Using cache
 ---> 09fd5c640b42
Step 8/18 : RUN apt-key adv --keyserver keyserver.ubuntu.com --recv-keys E298A3A825C0D65DFD57CBB651716619E084DAB9 &&     add-apt-repository 'deb [arch=amd64,i386] https://cran.rstudio.com/bin/linux/ubuntu xenial/'
 ---> Using cache
 ---> 35b2459eb31b
Step 9/18 : RUN apt-get update &&     apt-get install --yes     ${BUILD_PACKAGES} ${RUN_PACKAGES}
 ---> Running in 0bfed4227b34
Hit:1 http://archive.ubuntu.com/ubuntu xenial InRelease
Get:2 https://cran.rstudio.com/bin/linux/ubuntu xenial/ InRelease [3590 B]
Get:3 https://cran.rstudio.com/bin/linux/ubuntu xenial/ Packages [52.6 kB]
Get:4 http://archive.ubuntu.com/ubuntu xenial-updates InRelease [102 kB]
Get:5 http://archive.ubuntu.com/ubuntu xenial-security InRelease [102 kB]
Get:6 http://archive.ubuntu.com/ubuntu xenial-updates/main Sources [291 kB]
Get:7 http://archive.ubuntu.com/ubuntu xenial-updates/main amd64 Packages [602 kB]
Get:8 http://archive.ubuntu.com/ubuntu xenial-updates/universe amd64 Packages [500 kB]
Fetched 1653 kB in 3s (541 kB/s)
Reading package lists...
Reading package lists...
Building dependency tree...
Reading state information...
The following additional packages will be installed:
  autoconf automake autotools-dev binutils bsdmainutils build-essential bzip2
  bzip2-doc cdbs cpp cpp-5 curl debhelper dh-strip-nondeterminism
  dh-translations dpkg-dev fakeroot fontconfig fontconfig-config
  fonts-dejavu-core g++ g++-5 gcc gcc-5 gettext gettext-base gfortran
  gfortran-5 groff-base icu-devtools ifupdown intltool intltool-debian
  iproute2 isc-dhcp-client isc-dhcp-common libalgorithm-diff-perl
  libalgorithm-diff-xs-perl libalgorithm-merge-perl libarchive-zip-perl
  libasan2 libasprintf-dev libasprintf0v5 libatm1 libatomic1
  libauthen-sasl-perl libblas-common libblas-dev libblas3 libbsd0 libbz2-dev
  libc-dev-bin libc6-dev libcairo2 libcc1-0 libcilkrts5 libcroco3 libcurl3
  libdatrie1 libdns-export162 libdpkg-perl libdrm-amdgpu1 libdrm-intel1
  libdrm-nouveau2 libdrm-radeon1 libdrm2 libedit2 libelf1
  libencode-locale-perl libfakeroot libfile-basedir-perl
  libfile-desktopentry-perl libfile-fcntllock-perl libfile-listing-perl
  libfile-mimeinfo-perl libfile-stripnondeterminism-perl libfont-afm-perl
  libfontconfig1 libfontenc1 libfreetype6 libgcc-5-dev libgdbm3
  libgettextpo-dev libgettextpo0 libgfortran-5-dev libgfortran3
  libgl1-mesa-dri libgl1-mesa-glx libglapi-mesa libgomp1 libgraphite2-3
  libharfbuzz0b libhtml-form-perl libhtml-format-perl libhtml-parser-perl
  libhtml-tagset-perl libhtml-tree-perl libhttp-cookies-perl
  libhttp-daemon-perl libhttp-date-perl libhttp-message-perl
  libhttp-negotiate-perl libice6 libicu-dev libio-html-perl
  libio-socket-ssl-perl libipc-system-simple-perl libisc-export160 libisl15
  libitm1 libjbig0 libjpeg-dev libjpeg-turbo8 libjpeg-turbo8-dev libjpeg8
  libjpeg8-dev liblapack-dev liblapack3 libllvm3.8 liblsan0
  liblwp-mediatypes-perl liblwp-protocol-https-perl liblzma-dev
  libmail-sendmail-perl libmailtools-perl libmnl0 libmpc3 libmpfr4 libmpx0
  libncurses5-dev libnet-dbus-perl libnet-http-perl libnet-smtp-ssl-perl
  libnet-ssleay-perl libpango-1.0-0 libpangocairo-1.0-0 libpangoft2-1.0-0
  libpaper-utils libpaper1 libpciaccess0 libpcre16-3 libpcre3-dev libpcre32-3
  libpcrecpp0v5 libperl5.22 libpipeline1 libpixman-1-0 libpng12-0 libpng12-dev
  libpython-stdlib libpython2.7-minimal libpython2.7-stdlib libquadmath0
  libreadline-dev libreadline6-dev libsigsegv2 libsm6 libstdc++-5-dev
  libsys-hostname-long-perl libtcl8.6 libtext-iconv-perl libthai-data libthai0
  libtie-ixhash-perl libtiff5 libtimedate-perl libtinfo-dev libtk8.6 libtsan0
  libtxc-dxtn-s2tc0 libubsan0 libunistring0 liburi-perl libwww-perl
  libwww-robotrules-perl libx11-6 libx11-data libx11-protocol-perl libx11-xcb1
  libxau6 libxaw7 libxcb-dri2-0 libxcb-dri3-0 libxcb-glx0 libxcb-present0
  libxcb-render0 libxcb-shape0 libxcb-shm0 libxcb-sync1 libxcb1 libxcomposite1
  libxcursor1 libxdamage1 libxdmcp6 libxext6 libxfixes3 libxft2 libxi6
  libxinerama1 libxml-parser-perl libxml-twig-perl libxml-xpathengine-perl
  libxmu6 libxmuu1 libxpm4 libxrandr2 libxrender1 libxshmfence1 libxss1 libxt6
  libxtables11 libxtst6 libxv1 libxxf86dga1 libxxf86vm1 linux-libc-dev m4 make
  man-db manpages manpages-dev netbase patch perl perl-modules-5.22 po-debconf
  python python-minimal python-pkg-resources python-scour python-six python2.7
  python2.7-minimal r-base-core r-base-dev r-base-html r-cran-boot
  r-cran-class r-cran-cluster r-cran-codetools r-cran-foreign
  r-cran-kernsmooth r-cran-lattice r-cran-mass r-cran-matrix r-cran-mgcv
  r-cran-nlme r-cran-nnet r-cran-rpart r-cran-spatial r-cran-survival
  r-doc-html r-recommended rename unzip x11-common x11-utils x11-xserver-utils
  xauth xdg-utils zip zlib1g-dev
Suggested packages:
  autoconf-archive gnu-standards autoconf-doc libtool binutils-doc wamerican
  | wordlist whois vacation devscripts cpp-doc gcc-5-locales dh-make
  debian-keyring g++-multilib g++-5-multilib gcc-5-doc libstdc++6-5-dbg
  gcc-multilib flex bison gdb gcc-doc gcc-5-multilib libgcc1-dbg libgomp1-dbg
  libitm1-dbg libatomic1-dbg libasan2-dbg liblsan0-dbg libtsan0-dbg
  libubsan0-dbg libcilkrts5-dbg libmpx0-dbg libquadmath0-dbg gettext-doc
  autopoint gfortran-multilib gfortran-doc gfortran-5-multilib gfortran-5-doc
  libgfortran3-dbg groff ppp rdnssd iproute2-doc resolvconf avahi-autoipd
  isc-dhcp-client-ddns apparmor libdigest-hmac-perl libgssapi-perl
  liblapack-doc-man liblapack-doc glibc-doc libcurl4-doc libcurl3-dbg
  libgnutls-dev libidn11-dev libkrb5-dev libldap2-dev librtmp-dev pkg-config
  libdata-dump-perl icu-doc libcrypt-ssleay-perl liblzma-doc ncurses-doc
  pciutils readline-doc libstdc++-5-doc tcl8.6 tk8.6 libauthen-ntlm-perl
  libunicode-map8-perl libunicode-string-perl xml-twig-tools make-doc less
  www-browser ed diffutils-doc perl-doc libterm-readline-gnu-perl
  | libterm-readline-perl-perl libmail-box-perl python-doc python-tk
  python-setuptools python-rsvg python-cairo python2.7-doc binfmt-support ess
  r-doc-info | r-doc-pdf r-mathlib texlive-base texlive-latex-base
  texlive-generic-recommended texlive-fonts-recommended texlive-fonts-extra
  texlive-extra-utils texlive-latex-recommended texlive-latex-extra texinfo
  mozilla | www-browser mesa-utils nickle cairo-5c xorg-docs-core gvfs-bin
The following NEW packages will be installed:
  autoconf automake autotools-dev binutils bsdmainutils build-essential bzip2
  bzip2-doc cdbs cpp cpp-5 curl debhelper dh-strip-nondeterminism
  dh-translations dpkg-dev fakeroot fontconfig fontconfig-config
  fonts-dejavu-core g++ g++-5 gcc gcc-5 gettext gettext-base gfortran
  gfortran-5 groff-base icu-devtools ifupdown intltool intltool-debian
  iproute2 isc-dhcp-client isc-dhcp-common libalgorithm-diff-perl
  libalgorithm-diff-xs-perl libalgorithm-merge-perl libarchive-zip-perl
  libasan2 libasprintf-dev libasprintf0v5 libatm1 libatomic1
  libauthen-sasl-perl libblas-common libblas-dev libblas3 libbsd0 libbz2-dev
  libc-dev-bin libc6-dev libcairo2 libcc1-0 libcilkrts5 libcroco3 libcurl3
  libcurl4-gnutls-dev libdatrie1 libdns-export162 libdpkg-perl libdrm-amdgpu1
  libdrm-intel1 libdrm-nouveau2 libdrm-radeon1 libdrm2 libedit2 libelf1
  libencode-locale-perl libfakeroot libfile-basedir-perl
  libfile-desktopentry-perl libfile-fcntllock-perl libfile-listing-perl
  libfile-mimeinfo-perl libfile-stripnondeterminism-perl libfont-afm-perl
  libfontconfig1 libfontenc1 libfreetype6 libgcc-5-dev libgdbm3
  libgettextpo-dev libgettextpo0 libgfortran-5-dev libgfortran3
  libgl1-mesa-dri libgl1-mesa-glx libglapi-mesa libgomp1 libgraphite2-3
  libharfbuzz0b libhtml-form-perl libhtml-format-perl libhtml-parser-perl
  libhtml-tagset-perl libhtml-tree-perl libhttp-cookies-perl
  libhttp-daemon-perl libhttp-date-perl libhttp-message-perl
  libhttp-negotiate-perl libice6 libicu-dev libio-html-perl
  libio-socket-ssl-perl libipc-system-simple-perl libisc-export160 libisl15
  libitm1 libjbig0 libjpeg-dev libjpeg-turbo8 libjpeg-turbo8-dev libjpeg8
  libjpeg8-dev liblapack-dev liblapack3 libllvm3.8 liblsan0
  liblwp-mediatypes-perl liblwp-protocol-https-perl liblzma-dev
  libmail-sendmail-perl libmailtools-perl libmnl0 libmpc3 libmpfr4 libmpx0
  libncurses5-dev libnet-dbus-perl libnet-http-perl libnet-smtp-ssl-perl
  libnet-ssleay-perl libpango-1.0-0 libpangocairo-1.0-0 libpangoft2-1.0-0
  libpaper-utils libpaper1 libpciaccess0 libpcre16-3 libpcre3-dev libpcre32-3
  libpcrecpp0v5 libperl5.22 libpipeline1 libpixman-1-0 libpng12-0 libpng12-dev
  libpython-stdlib libpython2.7-minimal libpython2.7-stdlib libquadmath0
  libreadline-dev libreadline6-dev libsigsegv2 libsm6 libstdc++-5-dev
  libsys-hostname-long-perl libtcl8.6 libtext-iconv-perl libthai-data libthai0
  libtie-ixhash-perl libtiff5 libtimedate-perl libtinfo-dev libtk8.6 libtsan0
  libtxc-dxtn-s2tc0 libubsan0 libunistring0 liburi-perl libwww-perl
  libwww-robotrules-perl libx11-6 libx11-data libx11-protocol-perl libx11-xcb1
  libxau6 libxaw7 libxcb-dri2-0 libxcb-dri3-0 libxcb-glx0 libxcb-present0
  libxcb-render0 libxcb-shape0 libxcb-shm0 libxcb-sync1 libxcb1 libxcomposite1
  libxcursor1 libxdamage1 libxdmcp6 libxext6 libxfixes3 libxft2 libxi6
  libxinerama1 libxml-parser-perl libxml-twig-perl libxml-xpathengine-perl
  libxml2-dev libxmu6 libxmuu1 libxpm4 libxrandr2 libxrender1 libxshmfence1
  libxss1 libxt6 libxtables11 libxtst6 libxv1 libxxf86dga1 libxxf86vm1
  linux-libc-dev m4 make man-db manpages manpages-dev netbase patch perl
  perl-modules-5.22 po-debconf python python-minimal python-pkg-resources
  python-scour python-six python2.7 python2.7-minimal r-base r-base-core
  r-base-dev r-base-html r-cran-boot r-cran-class r-cran-cluster
  r-cran-codetools r-cran-foreign r-cran-kernsmooth r-cran-lattice r-cran-mass
  r-cran-matrix r-cran-mgcv r-cran-nlme r-cran-nnet r-cran-rpart
  r-cran-spatial r-cran-survival r-doc-html r-recommended rename unzip
  x11-common x11-utils x11-xserver-utils xauth xdg-utils zip zlib1g-dev
0 upgraded, 265 newly installed, 0 to remove and 5 not upgraded.
Need to get 145 MB of archives.
After this operation, 581 MB of additional disk space will be used.
Get:1 https://cran.rstudio.com/bin/linux/ubuntu xenial/ r-base-core 3.3.2-1xenial0 [21.0 MB]
Get:2 http://archive.ubuntu.com/ubuntu xenial/main amd64 libatm1 amd64 1:2.5.1-1.5 [24.2 kB]
Get:3 http://archive.ubuntu.com/ubuntu xenial/main amd64 libmnl0 amd64 1.0.3-5 [12.0 kB]
Get:4 http://archive.ubuntu.com/ubuntu xenial/main amd64 libgdbm3 amd64 1.8.3-13.1 [16.9 kB]
Get:5 http://archive.ubuntu.com/ubuntu xenial/main amd64 libxau6 amd64 1:1.0.8-1 [8376 B]
Get:6 https://cran.rstudio.com/bin/linux/ubuntu xenial/ r-cran-boot 1.3-18-1cran1xenial0 [573 kB]
Get:7 http://archive.ubuntu.com/ubuntu xenial/main amd64 libxdmcp6 amd64 1:1.1.2-1.1 [11.0 kB]
Get:8 https://cran.rstudio.com/bin/linux/ubuntu xenial/ r-cran-cluster 2.0.5-1xenial0 [490 kB]
Get:9 https://cran.rstudio.com/bin/linux/ubuntu xenial/ r-cran-foreign 0.8.67-1xenial0 [211 kB]
Get:10 https://cran.rstudio.com/bin/linux/ubuntu xenial/ r-cran-mass 7.3-45-1xenial0 [1019 kB]
Get:11 https://cran.rstudio.com/bin/linux/ubuntu xenial/ r-cran-kernsmooth 2.23-15-2xenial0 [81.8 kB]
Get:12 https://cran.rstudio.com/bin/linux/ubuntu xenial/ r-cran-lattice 0.20-34-1xenial0 [714 kB]
Get:13 http://archive.ubuntu.com/ubuntu xenial/main amd64 libxcb1 amd64 1.11.1-1ubuntu1 [40.0 kB]
Get:14 https://cran.rstudio.com/bin/linux/ubuntu xenial/ r-cran-nlme 3.1.129-1xenial0 [2017 kB]
Get:15 https://cran.rstudio.com/bin/linux/ubuntu xenial/ r-cran-matrix 1.2-7.1-1xenial0 [2308 kB]
Get:16 https://cran.rstudio.com/bin/linux/ubuntu xenial/ r-cran-mgcv 1.8-16-1cran1xenial0 [2102 kB]
Get:17 https://cran.rstudio.com/bin/linux/ubuntu xenial/ r-cran-survival 2.39-4-2xenial0 [4592 kB]
Get:18 http://archive.ubuntu.com/ubuntu xenial/main amd64 libx11-data all 2:1.6.3-1ubuntu2 [113 kB]
Get:19 https://cran.rstudio.com/bin/linux/ubuntu xenial/ r-cran-class 7.3-14-1xenial0 [81.2 kB]
Get:20 https://cran.rstudio.com/bin/linux/ubuntu xenial/ r-cran-nnet 7.3-12-1xenial0 [97.0 kB]
Get:21 https://cran.rstudio.com/bin/linux/ubuntu xenial/ r-cran-spatial 7.3-11-1xenial0 [118 kB]
Get:22 https://cran.rstudio.com/bin/linux/ubuntu xenial/ r-cran-codetools 0.2-15-1cran1xenial0 [45.0 kB]
Get:23 https://cran.rstudio.com/bin/linux/ubuntu xenial/ r-recommended 3.3.2-1xenial0 [2708 B]
Get:24 https://cran.rstudio.com/bin/linux/ubuntu xenial/ r-base 3.3.2-1xenial0 [40.4 kB]
Get:25 https://cran.rstudio.com/bin/linux/ubuntu xenial/ r-base-dev 3.3.2-1xenial0 [4306 B]
Get:26 https://cran.rstudio.com/bin/linux/ubuntu xenial/ r-doc-html 3.3.2-1xenial0 [547 kB]
Get:27 https://cran.rstudio.com/bin/linux/ubuntu xenial/ r-base-html 3.3.2-1xenial0 [85.7 kB]
Get:28 http://archive.ubuntu.com/ubuntu xenial/main amd64 libx11-6 amd64 2:1.6.3-1ubuntu2 [571 kB]
Get:29 http://archive.ubuntu.com/ubuntu xenial/main amd64 libxext6 amd64 2:1.3.3-1 [29.4 kB]
Get:30 http://archive.ubuntu.com/ubuntu xenial/main amd64 groff-base amd64 1.22.3-7 [1151 kB]
Get:31 http://archive.ubuntu.com/ubuntu xenial/main amd64 bsdmainutils amd64 9.0.6ubuntu3 [174 kB]
Get:32 http://archive.ubuntu.com/ubuntu xenial/main amd64 libpipeline1 amd64 1.4.1-2 [24.6 kB]
Get:33 http://archive.ubuntu.com/ubuntu xenial/main amd64 man-db amd64 2.7.5-1 [854 kB]
Get:34 http://archive.ubuntu.com/ubuntu xenial/main amd64 fonts-dejavu-core all 2.35-1 [1039 kB]
Get:35 http://archive.ubuntu.com/ubuntu xenial-updates/main amd64 fontconfig-config all 2.11.94-0ubuntu1.1 [49.9 kB]
Get:36 http://archive.ubuntu.com/ubuntu xenial/main amd64 libpng12-0 amd64 1.2.54-1ubuntu1 [116 kB]
Get:37 http://archive.ubuntu.com/ubuntu xenial/main amd64 libfreetype6 amd64 2.6.1-0.1ubuntu2 [316 kB]
Get:38 http://archive.ubuntu.com/ubuntu xenial-updates/main amd64 libfontconfig1 amd64 2.11.94-0ubuntu1.1 [131 kB]
Get:39 http://archive.ubuntu.com/ubuntu xenial-updates/main amd64 fontconfig amd64 2.11.94-0ubuntu1.1 [178 kB]
Get:40 http://archive.ubuntu.com/ubuntu xenial/main amd64 x11-common all 1:7.7+13ubuntu3 [22.4 kB]
Get:41 http://archive.ubuntu.com/ubuntu xenial/main amd64 libice6 amd64 2:1.0.9-1 [39.2 kB]
Get:42 http://archive.ubuntu.com/ubuntu xenial/main amd64 libjpeg-turbo8 amd64 1.4.2-0ubuntu3 [111 kB]
Get:43 http://archive.ubuntu.com/ubuntu xenial/main amd64 libpcrecpp0v5 amd64 2:8.38-3.1 [15.2 kB]
Get:44 http://archive.ubuntu.com/ubuntu xenial/main amd64 libsigsegv2 amd64 2.10-4 [14.1 kB]
Get:45 http://archive.ubuntu.com/ubuntu xenial/main amd64 libsm6 amd64 2:1.2.2-1 [15.8 kB]
Get:46 http://archive.ubuntu.com/ubuntu xenial/main amd64 libunistring0 amd64 0.9.3-5.2ubuntu1 [279 kB]
Get:47 http://archive.ubuntu.com/ubuntu xenial/main amd64 libxcomposite1 amd64 1:0.4.4-1 [7714 B]
Get:48 http://archive.ubuntu.com/ubuntu xenial/main amd64 libxfixes3 amd64 1:5.0.1-2 [11.1 kB]
Get:49 http://archive.ubuntu.com/ubuntu xenial/main amd64 libxrender1 amd64 1:0.9.9-0ubuntu1 [18.5 kB]
Get:50 http://archive.ubuntu.com/ubuntu xenial/main amd64 libxcursor1 amd64 1:1.1.14-1 [22.8 kB]
Get:51 http://archive.ubuntu.com/ubuntu xenial/main amd64 libxdamage1 amd64 1:1.1.4-2 [6946 B]
Get:52 http://archive.ubuntu.com/ubuntu xenial/main amd64 libxft2 amd64 2.3.2-1 [36.1 kB]
Get:53 http://archive.ubuntu.com/ubuntu xenial/main amd64 libxinerama1 amd64 2:1.1.3-1 [7908 B]
Get:54 http://archive.ubuntu.com/ubuntu xenial/main amd64 libxshmfence1 amd64 1.2-1 [5042 B]
Get:55 http://archive.ubuntu.com/ubuntu xenial/main amd64 libxss1 amd64 1:1.2.2-1 [8582 B]
Get:56 http://archive.ubuntu.com/ubuntu xenial/main amd64 libxtst6 amd64 2:1.2.2-1 [14.1 kB]
Get:57 http://archive.ubuntu.com/ubuntu xenial/main amd64 libxv1 amd64 2:1.0.10-1 [10.3 kB]
Get:58 http://archive.ubuntu.com/ubuntu xenial/main amd64 libxxf86dga1 amd64 2:1.1.4-1 [13.7 kB]
Get:59 http://archive.ubuntu.com/ubuntu xenial/main amd64 libxxf86vm1 amd64 1:1.1.4-1 [10.6 kB]
Get:60 http://archive.ubuntu.com/ubuntu xenial/main amd64 perl-modules-5.22 all 5.22.1-9 [2641 kB]
Get:61 http://archive.ubuntu.com/ubuntu xenial/main amd64 libperl5.22 amd64 5.22.1-9 [3371 kB]
Get:62 http://archive.ubuntu.com/ubuntu xenial/main amd64 perl amd64 5.22.1-9 [237 kB]
Get:63 http://archive.ubuntu.com/ubuntu xenial-updates/main amd64 libpython2.7-minimal amd64 2.7.12-1ubuntu0~16.04.1 [339 kB]
Get:64 http://archive.ubuntu.com/ubuntu xenial-updates/main amd64 python2.7-minimal amd64 2.7.12-1ubuntu0~16.04.1 [1295 kB]
Get:65 http://archive.ubuntu.com/ubuntu xenial/main amd64 python-minimal amd64 2.7.11-1 [28.2 kB]
Get:66 http://archive.ubuntu.com/ubuntu xenial-updates/main amd64 libpython2.7-stdlib amd64 2.7.12-1ubuntu0~16.04.1 [1884 kB]
Get:67 http://archive.ubuntu.com/ubuntu xenial-updates/main amd64 python2.7 amd64 2.7.12-1ubuntu0~16.04.1 [224 kB]
Get:68 http://archive.ubuntu.com/ubuntu xenial/main amd64 libpython-stdlib amd64 2.7.11-1 [7656 B]
Get:69 http://archive.ubuntu.com/ubuntu xenial/main amd64 python amd64 2.7.11-1 [137 kB]
Get:70 http://archive.ubuntu.com/ubuntu xenial/main amd64 libjbig0 amd64 2.1-3.1 [26.6 kB]
Get:71 http://archive.ubuntu.com/ubuntu xenial/main amd64 libmpfr4 amd64 3.1.4-1 [191 kB]
Get:72 http://archive.ubuntu.com/ubuntu xenial/main amd64 libmpc3 amd64 1.0.3-1 [39.7 kB]
Get:73 http://archive.ubuntu.com/ubuntu xenial/main amd64 libtxc-dxtn-s2tc0 amd64 0~git20131104-1.1 [51.8 kB]
Get:74 http://archive.ubuntu.com/ubuntu xenial/main amd64 bzip2 amd64 1.0.6-8 [32.7 kB]
Get:75 http://archive.ubuntu.com/ubuntu xenial/main amd64 iproute2 amd64 4.3.0-1ubuntu3 [522 kB]
Get:76 http://archive.ubuntu.com/ubuntu xenial-updates/main amd64 ifupdown amd64 0.8.10ubuntu1.2 [54.9 kB]
Get:77 http://archive.ubuntu.com/ubuntu xenial-updates/main amd64 libisc-export160 amd64 1:9.10.3.dfsg.P4-8ubuntu1.5 [153 kB]
Get:78 http://archive.ubuntu.com/ubuntu xenial-updates/main amd64 libdns-export162 amd64 1:9.10.3.dfsg.P4-8ubuntu1.5 [665 kB]
Get:79 http://archive.ubuntu.com/ubuntu xenial-updates/main amd64 isc-dhcp-client amd64 4.3.3-5ubuntu12.6 [223 kB]
Get:80 http://archive.ubuntu.com/ubuntu xenial-updates/main amd64 isc-dhcp-common amd64 4.3.3-5ubuntu12.6 [105 kB]
Get:81 http://archive.ubuntu.com/ubuntu xenial/main amd64 libbsd0 amd64 0.8.2-1 [41.7 kB]
Get:82 http://archive.ubuntu.com/ubuntu xenial/main amd64 libtext-iconv-perl amd64 1.7-5build4 [13.0 kB]
Get:83 http://archive.ubuntu.com/ubuntu xenial/main amd64 libxtables11 amd64 1.6.0-2ubuntu3 [27.2 kB]
Get:84 http://archive.ubuntu.com/ubuntu xenial/main amd64 netbase all 5.3 [12.9 kB]
Get:85 http://archive.ubuntu.com/ubuntu xenial/main amd64 libasprintf0v5 amd64 0.19.7-2ubuntu3 [6412 B]
Get:86 http://archive.ubuntu.com/ubuntu xenial/main amd64 gettext-base amd64 0.19.7-2ubuntu3 [47.9 kB]
Get:87 http://archive.ubuntu.com/ubuntu xenial-updates/main amd64 libdrm2 amd64 2.4.70-1~ubuntu16.04.1 [27.9 kB]
Get:88 http://archive.ubuntu.com/ubuntu xenial/main amd64 libedit2 amd64 3.1-20150325-1ubuntu2 [76.5 kB]
Get:89 http://archive.ubuntu.com/ubuntu xenial/main amd64 libelf1 amd64 0.165-3ubuntu1 [42.5 kB]
Get:90 http://archive.ubuntu.com/ubuntu xenial/main amd64 libxmuu1 amd64 2:1.1.2-2 [9674 B]
Get:91 http://archive.ubuntu.com/ubuntu xenial/main amd64 manpages all 4.04-2 [1087 kB]
Get:92 http://archive.ubuntu.com/ubuntu xenial/main amd64 xauth amd64 1:1.0.9-1ubuntu2 [22.7 kB]
Get:93 http://archive.ubuntu.com/ubuntu xenial/main amd64 m4 amd64 1.4.17-5 [195 kB]
Get:94 http://archive.ubuntu.com/ubuntu xenial/main amd64 autoconf all 2.69-9 [321 kB]
Get:95 http://archive.ubuntu.com/ubuntu xenial/main amd64 autotools-dev all 20150820.1 [39.8 kB]
Get:96 http://archive.ubuntu.com/ubuntu xenial/main amd64 automake all 1:1.15-4ubuntu1 [510 kB]
Get:97 http://archive.ubuntu.com/ubuntu xenial-updates/main amd64 binutils amd64 2.26.1-1ubuntu1~16.04.3 [2310 kB]
Get:98 http://archive.ubuntu.com/ubuntu xenial-updates/main amd64 libc-dev-bin amd64 2.23-0ubuntu5 [68.7 kB]
Get:99 http://archive.ubuntu.com/ubuntu xenial-updates/main amd64 linux-libc-dev amd64 4.4.0-62.83 [831 kB]
Get:100 http://archive.ubuntu.com/ubuntu xenial-updates/main amd64 libc6-dev amd64 2.23-0ubuntu5 [2078 kB]
Get:101 http://archive.ubuntu.com/ubuntu xenial/main amd64 libisl15 amd64 0.16.1-1 [524 kB]
Get:102 http://archive.ubuntu.com/ubuntu xenial-updates/main amd64 cpp-5 amd64 5.4.0-6ubuntu1~16.04.4 [7653 kB]
Get:103 http://archive.ubuntu.com/ubuntu xenial/main amd64 cpp amd64 4:5.3.1-1ubuntu1 [27.7 kB]
Get:104 http://archive.ubuntu.com/ubuntu xenial-updates/main amd64 libcc1-0 amd64 5.4.0-6ubuntu1~16.04.4 [38.8 kB]
Get:105 http://archive.ubuntu.com/ubuntu xenial-updates/main amd64 libgomp1 amd64 5.4.0-6ubuntu1~16.04.4 [55.0 kB]
Get:106 http://archive.ubuntu.com/ubuntu xenial-updates/main amd64 libitm1 amd64 5.4.0-6ubuntu1~16.04.4 [27.4 kB]
Get:107 http://archive.ubuntu.com/ubuntu xenial-updates/main amd64 libatomic1 amd64 5.4.0-6ubuntu1~16.04.4 [8912 B]
Get:108 http://archive.ubuntu.com/ubuntu xenial-updates/main amd64 libasan2 amd64 5.4.0-6ubuntu1~16.04.4 [264 kB]
Get:109 http://archive.ubuntu.com/ubuntu xenial-updates/main amd64 liblsan0 amd64 5.4.0-6ubuntu1~16.04.4 [105 kB]
Get:110 http://archive.ubuntu.com/ubuntu xenial-updates/main amd64 libtsan0 amd64 5.4.0-6ubuntu1~16.04.4 [244 kB]
Get:111 http://archive.ubuntu.com/ubuntu xenial-updates/main amd64 libubsan0 amd64 5.4.0-6ubuntu1~16.04.4 [95.3 kB]
Get:112 http://archive.ubuntu.com/ubuntu xenial-updates/main amd64 libcilkrts5 amd64 5.4.0-6ubuntu1~16.04.4 [40.1 kB]
Get:113 http://archive.ubuntu.com/ubuntu xenial-updates/main amd64 libmpx0 amd64 5.4.0-6ubuntu1~16.04.4 [9766 B]
Get:114 http://archive.ubuntu.com/ubuntu xenial-updates/main amd64 libquadmath0 amd64 5.4.0-6ubuntu1~16.04.4 [131 kB]
Get:115 http://archive.ubuntu.com/ubuntu xenial-updates/main amd64 libgcc-5-dev amd64 5.4.0-6ubuntu1~16.04.4 [2237 kB]
Get:116 http://archive.ubuntu.com/ubuntu xenial-updates/main amd64 gcc-5 amd64 5.4.0-6ubuntu1~16.04.4 [8577 kB]
Get:117 http://archive.ubuntu.com/ubuntu xenial/main amd64 gcc amd64 4:5.3.1-1ubuntu1 [5244 B]
Get:118 http://archive.ubuntu.com/ubuntu xenial-updates/main amd64 libstdc++-5-dev amd64 5.4.0-6ubuntu1~16.04.4 [1426 kB]
Get:119 http://archive.ubuntu.com/ubuntu xenial-updates/main amd64 g++-5 amd64 5.4.0-6ubuntu1~16.04.4 [8300 kB]
Get:120 http://archive.ubuntu.com/ubuntu xenial/main amd64 g++ amd64 4:5.3.1-1ubuntu1 [1504 B]
Get:121 http://archive.ubuntu.com/ubuntu xenial/main amd64 make amd64 4.1-6 [151 kB]
Err:121 http://archive.ubuntu.com/ubuntu xenial/main amd64 make amd64 4.1-6
  Hash Sum mismatch
Get:122 http://archive.ubuntu.com/ubuntu xenial-updates/main amd64 libdpkg-perl all 1.18.4ubuntu1.1 [195 kB]
Get:123 http://archive.ubuntu.com/ubuntu xenial/main amd64 patch amd64 2.7.5-1 [90.4 kB]
Get:124 http://archive.ubuntu.com/ubuntu xenial-updates/main amd64 dpkg-dev all 1.18.4ubuntu1.1 [584 kB]
Get:125 http://archive.ubuntu.com/ubuntu xenial/main amd64 build-essential amd64 12.1ubuntu2 [4758 B]
Get:126 http://archive.ubuntu.com/ubuntu xenial/main amd64 bzip2-doc all 1.0.6-8 [295 kB]
Get:127 http://archive.ubuntu.com/ubuntu xenial/main amd64 libcroco3 amd64 0.6.11-1 [81.6 kB]
Get:128 http://archive.ubuntu.com/ubuntu xenial/main amd64 gettext amd64 0.19.7-2ubuntu3 [1076 kB]
Get:129 http://archive.ubuntu.com/ubuntu xenial/main amd64 intltool-debian all 0.35.0+20060710.4 [24.9 kB]
Get:130 http://archive.ubuntu.com/ubuntu xenial/main amd64 po-debconf all 1.0.19 [234 kB]
Get:131 http://archive.ubuntu.com/ubuntu xenial/main amd64 libarchive-zip-perl all 1.56-2 [84.1 kB]
Get:132 http://archive.ubuntu.com/ubuntu xenial/main amd64 libfile-stripnondeterminism-perl all 0.015-1 [10.3 kB]
Get:133 http://archive.ubuntu.com/ubuntu xenial/main amd64 libtimedate-perl all 2.3000-2 [37.5 kB]
Get:134 http://archive.ubuntu.com/ubuntu xenial/main amd64 dh-strip-nondeterminism all 0.015-1 [4864 B]
Get:135 http://archive.ubuntu.com/ubuntu xenial/main amd64 debhelper all 9.20160115ubuntu3 [739 kB]
Get:136 http://archive.ubuntu.com/ubuntu xenial/main amd64 liburi-perl all 1.71-1 [76.9 kB]
Get:137 http://archive.ubuntu.com/ubuntu xenial/main amd64 libencode-locale-perl all 1.05-1 [12.3 kB]
Get:138 http://archive.ubuntu.com/ubuntu xenial/main amd64 libhttp-date-perl all 6.02-1 [10.4 kB]
Get:139 http://archive.ubuntu.com/ubuntu xenial/main amd64 libfile-listing-perl all 6.04-1 [9774 B]
Get:140 http://archive.ubuntu.com/ubuntu xenial/main amd64 libhtml-tagset-perl all 3.20-2 [13.5 kB]
Get:141 http://archive.ubuntu.com/ubuntu xenial/main amd64 libhtml-parser-perl amd64 3.72-1 [86.1 kB]
Get:142 http://archive.ubuntu.com/ubuntu xenial/main amd64 libhtml-tree-perl all 5.03-2 [197 kB]
Get:143 http://archive.ubuntu.com/ubuntu xenial/main amd64 libio-html-perl all 1.001-1 [14.9 kB]
Get:144 http://archive.ubuntu.com/ubuntu xenial/main amd64 liblwp-mediatypes-perl all 6.02-1 [21.7 kB]
Get:145 http://archive.ubuntu.com/ubuntu xenial/main amd64 libhttp-message-perl all 6.11-1 [74.3 kB]
Get:146 http://archive.ubuntu.com/ubuntu xenial/main amd64 libhttp-cookies-perl all 6.01-1 [17.2 kB]
Get:147 http://archive.ubuntu.com/ubuntu xenial/main amd64 libhttp-negotiate-perl all 6.00-2 [13.4 kB]
Get:148 http://archive.ubuntu.com/ubuntu xenial/main amd64 libnet-ssleay-perl amd64 1.72-1build1 [259 kB]
Get:149 http://archive.ubuntu.com/ubuntu xenial/main amd64 libio-socket-ssl-perl all 2.024-1 [159 kB]
Get:150 http://archive.ubuntu.com/ubuntu xenial/main amd64 libnet-http-perl all 6.09-1 [24.0 kB]
Get:151 http://archive.ubuntu.com/ubuntu xenial/main amd64 liblwp-protocol-https-perl all 6.06-2 [8682 B]
Get:152 http://archive.ubuntu.com/ubuntu xenial/main amd64 libwww-robotrules-perl all 6.01-1 [14.1 kB]
Get:153 http://archive.ubuntu.com/ubuntu xenial/main amd64 libwww-perl all 6.15-1 [146 kB]
Get:154 http://archive.ubuntu.com/ubuntu xenial/main amd64 libxml-parser-perl amd64 2.44-1build1 [200 kB]
Get:155 http://archive.ubuntu.com/ubuntu xenial/main amd64 intltool all 0.51.0-2 [44.7 kB]
Get:156 http://archive.ubuntu.com/ubuntu xenial/main amd64 dh-translations all 129 [22.1 kB]
Get:157 http://archive.ubuntu.com/ubuntu xenial/main amd64 python-six all 1.10.0-3 [10.9 kB]
Get:158 http://archive.ubuntu.com/ubuntu xenial/main amd64 python-pkg-resources all 20.7.0-1 [108 kB]
Get:159 http://archive.ubuntu.com/ubuntu xenial/main amd64 python-scour all 0.32-1 [42.7 kB]
Get:160 http://archive.ubuntu.com/ubuntu xenial/main amd64 cdbs all 0.4.130ubuntu2 [42.8 kB]
Get:161 http://archive.ubuntu.com/ubuntu xenial-updates/main amd64 curl amd64 7.47.0-1ubuntu2.2 [139 kB]
Get:162 http://archive.ubuntu.com/ubuntu xenial/main amd64 libfakeroot amd64 1.20.2-1ubuntu1 [25.5 kB]
Get:163 http://archive.ubuntu.com/ubuntu xenial/main amd64 fakeroot amd64 1.20.2-1ubuntu1 [61.8 kB]
Get:164 http://archive.ubuntu.com/ubuntu xenial-updates/main amd64 libgfortran3 amd64 5.4.0-6ubuntu1~16.04.4 [260 kB]
Get:165 http://archive.ubuntu.com/ubuntu xenial-updates/main amd64 libgfortran-5-dev amd64 5.4.0-6ubuntu1~16.04.4 [291 kB]
Get:166 http://archive.ubuntu.com/ubuntu xenial-updates/main amd64 gfortran-5 amd64 5.4.0-6ubuntu1~16.04.4 [8027 kB]
Get:167 http://archive.ubuntu.com/ubuntu xenial/main amd64 gfortran amd64 4:5.3.1-1ubuntu1 [1288 B]
Get:168 http://archive.ubuntu.com/ubuntu xenial/main amd64 icu-devtools amd64 55.1-7 [165 kB]
Get:169 http://archive.ubuntu.com/ubuntu xenial/main amd64 libalgorithm-diff-perl all 1.19.03-1 [47.6 kB]
Get:170 http://archive.ubuntu.com/ubuntu xenial/main amd64 libalgorithm-diff-xs-perl amd64 0.04-4build1 [11.0 kB]
Get:171 http://archive.ubuntu.com/ubuntu xenial/main amd64 libalgorithm-merge-perl all 0.08-3 [12.0 kB]
Get:172 http://archive.ubuntu.com/ubuntu xenial/main amd64 libasprintf-dev amd64 0.19.7-2ubuntu3 [4734 B]
Get:173 http://archive.ubuntu.com/ubuntu xenial/main amd64 libblas-common amd64 3.6.0-2ubuntu2 [5342 B]
Get:174 http://archive.ubuntu.com/ubuntu xenial/main amd64 libblas3 amd64 3.6.0-2ubuntu2 [147 kB]
Get:175 http://archive.ubuntu.com/ubuntu xenial/main amd64 libblas-dev amd64 3.6.0-2ubuntu2 [153 kB]
Get:176 http://archive.ubuntu.com/ubuntu xenial/main amd64 libbz2-dev amd64 1.0.6-8 [29.1 kB]
Get:177 http://archive.ubuntu.com/ubuntu xenial/main amd64 libpixman-1-0 amd64 0.33.6-1 [231 kB]
Get:178 http://archive.ubuntu.com/ubuntu xenial/main amd64 libxcb-render0 amd64 1.11.1-1ubuntu1 [11.4 kB]
Get:179 http://archive.ubuntu.com/ubuntu xenial/main amd64 libxcb-shm0 amd64 1.11.1-1ubuntu1 [5588 B]
Get:180 http://archive.ubuntu.com/ubuntu xenial/main amd64 libcairo2 amd64 1.14.6-1 [555 kB]
Get:181 http://archive.ubuntu.com/ubuntu xenial-updates/main amd64 libcurl3 amd64 7.47.0-1ubuntu2.2 [186 kB]
Get:182 http://archive.ubuntu.com/ubuntu xenial-updates/main amd64 libcurl4-gnutls-dev amd64 7.47.0-1ubuntu2.2 [260 kB]
Get:183 http://archive.ubuntu.com/ubuntu xenial/main amd64 libdatrie1 amd64 0.2.10-2 [17.3 kB]
Get:184 http://archive.ubuntu.com/ubuntu xenial-updates/main amd64 libdrm-amdgpu1 amd64 2.4.70-1~ubuntu16.04.1 [16.5 kB]
Get:185 http://archive.ubuntu.com/ubuntu xenial/main amd64 libpciaccess0 amd64 0.13.4-1 [18.1 kB]
Get:186 http://archive.ubuntu.com/ubuntu xenial-updates/main amd64 libdrm-intel1 amd64 2.4.70-1~ubuntu16.04.1 [56.0 kB]
Get:187 http://archive.ubuntu.com/ubuntu xenial-updates/main amd64 libdrm-nouveau2 amd64 2.4.70-1~ubuntu16.04.1 [16.3 kB]
Get:188 http://archive.ubuntu.com/ubuntu xenial-updates/main amd64 libdrm-radeon1 amd64 2.4.70-1~ubuntu16.04.1 [21.6 kB]
Get:189 http://archive.ubuntu.com/ubuntu xenial/main amd64 libipc-system-simple-perl all 1.25-3 [22.8 kB]
Get:190 http://archive.ubuntu.com/ubuntu xenial/main amd64 libfile-basedir-perl all 0.07-1 [16.9 kB]
Get:191 http://archive.ubuntu.com/ubuntu xenial/main amd64 libfile-desktopentry-perl all 0.22-1 [18.2 kB]
Get:192 http://archive.ubuntu.com/ubuntu xenial/main amd64 libfile-fcntllock-perl amd64 0.22-3 [32.0 kB]
Get:193 http://archive.ubuntu.com/ubuntu xenial/main amd64 libfile-mimeinfo-perl all 0.27-1 [45.9 kB]
Get:194 http://archive.ubuntu.com/ubuntu xenial/main amd64 libfont-afm-perl all 1.20-1 [14.3 kB]
Get:195 http://archive.ubuntu.com/ubuntu xenial/main amd64 libfontenc1 amd64 1:1.1.3-1 [13.9 kB]
Get:196 http://archive.ubuntu.com/ubuntu xenial/main amd64 libgettextpo0 amd64 0.19.7-2ubuntu3 [125 kB]
Get:197 http://archive.ubuntu.com/ubuntu xenial/main amd64 libgettextpo-dev amd64 0.19.7-2ubuntu3 [141 kB]
Get:198 http://archive.ubuntu.com/ubuntu xenial-updates/main amd64 libllvm3.8 amd64 1:3.8-2ubuntu4 [10.3 MB]
Get:199 http://archive.ubuntu.com/ubuntu xenial-updates/main amd64 libgl1-mesa-dri amd64 12.0.6-0ubuntu0.16.04.1 [4344 kB]
Get:200 http://archive.ubuntu.com/ubuntu xenial-updates/main amd64 libglapi-mesa amd64 12.0.6-0ubuntu0.16.04.1 [22.9 kB]
Get:201 http://archive.ubuntu.com/ubuntu xenial/main amd64 libx11-xcb1 amd64 2:1.6.3-1ubuntu2 [8956 B]
Get:202 http://archive.ubuntu.com/ubuntu xenial/main amd64 libxcb-dri2-0 amd64 1.11.1-1ubuntu1 [6882 B]
Get:203 http://archive.ubuntu.com/ubuntu xenial/main amd64 libxcb-dri3-0 amd64 1.11.1-1ubuntu1 [5218 B]
Get:204 http://archive.ubuntu.com/ubuntu xenial/main amd64 libxcb-glx0 amd64 1.11.1-1ubuntu1 [20.9 kB]
Get:205 http://archive.ubuntu.com/ubuntu xenial/main amd64 libxcb-present0 amd64 1.11.1-1ubuntu1 [5218 B]
Get:206 http://archive.ubuntu.com/ubuntu xenial/main amd64 libxcb-sync1 amd64 1.11.1-1ubuntu1 [8324 B]
Get:207 http://archive.ubuntu.com/ubuntu xenial-updates/main amd64 libgl1-mesa-glx amd64 12.0.6-0ubuntu0.16.04.1 [130 kB]
Get:208 http://archive.ubuntu.com/ubuntu xenial/main amd64 libgraphite2-3 amd64 1.3.6-1ubuntu1 [70.8 kB]
Get:209 http://archive.ubuntu.com/ubuntu xenial-updates/main amd64 libharfbuzz0b amd64 1.0.1-1ubuntu0.1 [140 kB]
Get:210 http://archive.ubuntu.com/ubuntu xenial/main amd64 libhtml-form-perl all 6.03-1 [23.5 kB]
Get:211 http://archive.ubuntu.com/ubuntu xenial/main amd64 libhtml-format-perl all 2.11-2 [41.3 kB]
Get:212 http://archive.ubuntu.com/ubuntu xenial/main amd64 libhttp-daemon-perl all 6.01-1 [17.0 kB]
Get:213 http://archive.ubuntu.com/ubuntu xenial/main amd64 libicu-dev amd64 55.1-7 [8546 kB]
Get:214 http://archive.ubuntu.com/ubuntu xenial/main amd64 libjpeg-turbo8-dev amd64 1.4.2-0ubuntu3 [254 kB]
Get:215 http://archive.ubuntu.com/ubuntu xenial/main amd64 libjpeg8 amd64 8c-2ubuntu8 [2194 B]
Get:216 http://archive.ubuntu.com/ubuntu xenial/main amd64 libjpeg8-dev amd64 8c-2ubuntu8 [1552 B]
Get:217 http://archive.ubuntu.com/ubuntu xenial/main amd64 libjpeg-dev amd64 8c-2ubuntu8 [1546 B]
Get:218 http://archive.ubuntu.com/ubuntu xenial/main amd64 liblapack3 amd64 3.6.0-2ubuntu2 [1938 kB]
Get:219 http://archive.ubuntu.com/ubuntu xenial/main amd64 liblapack-dev amd64 3.6.0-2ubuntu2 [1948 kB]
Get:220 http://archive.ubuntu.com/ubuntu xenial/main amd64 libsys-hostname-long-perl all 1.5-1 [11.7 kB]
Get:221 http://archive.ubuntu.com/ubuntu xenial/main amd64 libmail-sendmail-perl all 0.79.16-1 [26.5 kB]
Get:222 http://archive.ubuntu.com/ubuntu xenial/main amd64 libnet-smtp-ssl-perl all 1.03-1 [6288 B]
Get:223 http://archive.ubuntu.com/ubuntu xenial/main amd64 libmailtools-perl all 2.13-1 [82.6 kB]
Get:224 http://archive.ubuntu.com/ubuntu xenial/main amd64 libtinfo-dev amd64 6.0+20160213-1ubuntu1 [77.4 kB]
Get:225 http://archive.ubuntu.com/ubuntu xenial/main amd64 libncurses5-dev amd64 6.0+20160213-1ubuntu1 [175 kB]
Get:226 http://archive.ubuntu.com/ubuntu xenial/main amd64 libxml-twig-perl all 1:3.48-1 [156 kB]
Get:227 http://archive.ubuntu.com/ubuntu xenial/main amd64 libnet-dbus-perl amd64 1.1.0-3build1 [177 kB]
Get:228 http://archive.ubuntu.com/ubuntu xenial/main amd64 libthai-data all 0.1.24-2 [131 kB]
Get:229 http://archive.ubuntu.com/ubuntu xenial/main amd64 libthai0 amd64 0.1.24-2 [17.3 kB]
Get:230 http://archive.ubuntu.com/ubuntu xenial/main amd64 libpango-1.0-0 amd64 1.38.1-1 [148 kB]
Get:231 http://archive.ubuntu.com/ubuntu xenial/main amd64 libpangoft2-1.0-0 amd64 1.38.1-1 [33.3 kB]
Get:232 http://archive.ubuntu.com/ubuntu xenial/main amd64 libpangocairo-1.0-0 amd64 1.38.1-1 [20.5 kB]
Get:233 http://archive.ubuntu.com/ubuntu xenial/main amd64 libpaper1 amd64 1.1.24+nmu4ubuntu1 [13.7 kB]
Get:234 http://archive.ubuntu.com/ubuntu xenial/main amd64 libpaper-utils amd64 1.1.24+nmu4ubuntu1 [8276 B]
Get:235 http://archive.ubuntu.com/ubuntu xenial/main amd64 libpcre16-3 amd64 2:8.38-3.1 [144 kB]
Get:236 http://archive.ubuntu.com/ubuntu xenial/main amd64 libpcre32-3 amd64 2:8.38-3.1 [136 kB]
Get:237 http://archive.ubuntu.com/ubuntu xenial/main amd64 libpcre3-dev amd64 2:8.38-3.1 [525 kB]
Get:238 http://archive.ubuntu.com/ubuntu xenial/main amd64 zlib1g-dev amd64 1:1.2.8.dfsg-2ubuntu4 [168 kB]
Get:239 http://archive.ubuntu.com/ubuntu xenial/main amd64 libpng12-dev amd64 1.2.54-1ubuntu1 [184 kB]
Get:240 http://archive.ubuntu.com/ubuntu xenial/main amd64 libreadline6-dev amd64 6.3-8ubuntu2 [124 kB]
Get:241 http://archive.ubuntu.com/ubuntu xenial/main amd64 libreadline-dev amd64 6.3-8ubuntu2 [992 B]
Get:242 http://archive.ubuntu.com/ubuntu xenial/main amd64 libtcl8.6 amd64 8.6.5+dfsg-2 [875 kB]
Get:243 http://archive.ubuntu.com/ubuntu xenial/main amd64 libtie-ixhash-perl all 1.23-2 [11.2 kB]
Get:244 http://archive.ubuntu.com/ubuntu xenial/main amd64 libtiff5 amd64 4.0.6-1 [144 kB]
Get:245 http://archive.ubuntu.com/ubuntu xenial/main amd64 libtk8.6 amd64 8.6.5-1 [693 kB]
Get:246 http://archive.ubuntu.com/ubuntu xenial/main amd64 libx11-protocol-perl all 0.56-7 [149 kB]
Get:247 http://archive.ubuntu.com/ubuntu xenial/main amd64 libxt6 amd64 1:1.1.5-0ubuntu1 [160 kB]
Get:248 http://archive.ubuntu.com/ubuntu xenial/main amd64 libxmu6 amd64 2:1.1.2-2 [46.0 kB]
Get:249 http://archive.ubuntu.com/ubuntu xenial-updates/main amd64 libxpm4 amd64 1:3.5.11-1ubuntu0.16.04.1 [33.8 kB]
Get:250 http://archive.ubuntu.com/ubuntu xenial/main amd64 libxaw7 amd64 2:1.0.13-1 [173 kB]
Get:251 http://archive.ubuntu.com/ubuntu xenial/main amd64 libxcb-shape0 amd64 1.11.1-1ubuntu1 [5756 B]
Get:252 http://archive.ubuntu.com/ubuntu xenial/main amd64 libxi6 amd64 2:1.7.6-1 [28.6 kB]
Get:253 http://archive.ubuntu.com/ubuntu xenial/main amd64 libxml-xpathengine-perl all 0.13-1 [37.1 kB]
Get:254 http://archive.ubuntu.com/ubuntu xenial-updates/main amd64 libxml2-dev amd64 2.9.3+dfsg1-1ubuntu0.1 [743 kB]
Get:255 http://archive.ubuntu.com/ubuntu xenial/main amd64 libxrandr2 amd64 2:1.5.0-1 [17.6 kB]
Get:256 http://archive.ubuntu.com/ubuntu xenial/main amd64 manpages-dev all 4.04-2 [2048 kB]
Get:257 http://archive.ubuntu.com/ubuntu xenial/main amd64 zip amd64 3.0-11 [158 kB]
Get:258 http://archive.ubuntu.com/ubuntu xenial/main amd64 unzip amd64 6.0-20ubuntu1 [158 kB]
Get:259 http://archive.ubuntu.com/ubuntu xenial-updates/main amd64 xdg-utils all 1.1.1-1ubuntu1.16.04.1 [59.7 kB]
Get:260 http://archive.ubuntu.com/ubuntu xenial/universe amd64 r-cran-rpart amd64 4.1-10-1 [856 kB]
Get:261 http://archive.ubuntu.com/ubuntu xenial/main amd64 liblzma-dev amd64 5.1.1alpha+20120614-2ubuntu2 [137 kB]
Get:262 http://archive.ubuntu.com/ubuntu xenial/main amd64 rename all 0.20-4 [12.0 kB]
Get:263 http://archive.ubuntu.com/ubuntu xenial/main amd64 x11-utils amd64 7.7+3 [189 kB]
Get:264 http://archive.ubuntu.com/ubuntu xenial/main amd64 x11-xserver-utils amd64 7.7+7 [155 kB]
Get:265 http://archive.ubuntu.com/ubuntu xenial/main amd64 libauthen-sasl-perl all 2.1600-1 [48.7 kB]
Fetched 145 MB in 3min 19s (728 kB/s)
[91mE: Failed to fetch http://archive.ubuntu.com/ubuntu/pool/main/m/make-dfsg/make_4.1-6_amd64.deb  Hash Sum mismatch

E: Unable to fetch some archives, maybe run apt-get update or try with --fix-missing?
[0mThe command '/bin/sh -c apt-get update &&     apt-get install --yes     ${BUILD_PACKAGES} ${RUN_PACKAGES}' returned a non-zero code: 100

real	3m25.200s
user	0m0.040s
sys	0m0.028s

Script done on Fri 17 Feb 2017 03:29:04 PM EST
